<?xml version="1.0" encoding="UTF-8"?>
<!-- Generated by org.testng.reporters.JUnitXMLReporter -->
<testsuite ignored="0" hostname="DESKTOP-TASGCT9" failures="0" tests="12" name="Default test" time="121.481" errors="0" timestamp="2022-03-26T15:21:11 GMT-04:00">
  <testcase classname="automationpractice.testcases.SignInPageTest" name="InvalidPasswordloginTest" time="2.934"/>
  <testcase classname="automationpractice.testcases.SignInPageTest" name="InvalidCredentialsloginTest" time="3.413"/>
  <testcase classname="automationpractice.testcases.SignInPageTest" name="StringAsUsernameWithValidPasswordTest" time="3.443"/>
  <testcase classname="automationpractice.testcases.SignInPageTest" name="StringAsUsernameWithEmptyPasswordTest" time="3.208"/>
  <testcase classname="automationpractice.testcases.SignInPageTest" name="numberAsUsernameWithValidPassword" time="4.8"/>
  <testcase classname="automationpractice.testcases.SignInPageTest" name="numberAsUsernameWithEmptyPassword" time="2.564"/>
  <testcase classname="automationpractice.testcases.SignInPageTest" name="specialCharAsUsernameWithValidPassword" time="4.412"/>
  <testcase classname="automationpractice.testcases.SignInPageTest" name="specialCharAsUsernameWithEmptyPassword" time="2.772"/>
  <testcase classname="automationpractice.testcases.SignInPageTest" name="missingDotAsEmailWithValidPasswordTest" time="2.742"/>
  <testcase classname="automationpractice.testcases.SignInPageTest" name="missingDotAsEmailWithEmptyPasswordTest" time="3.032"/>
  <testcase classname="automationpractice.testcases.SignInPageTest" name="twoAtSignInEmailWithValidPasswordTest" time="2.711"/>
  <testcase classname="automationpractice.testcases.SignInPageTest" name="twoAtSignInEmailAddressWithEmptyPassword" time="2.649"/>
</testsuite> <!-- Default test -->
