<?xml version="1.0" encoding="UTF-8"?>
<!-- Generated by org.testng.reporters.JUnitXMLReporter -->
<testsuite ignored="0" hostname="DESKTOP-TASGCT9" failures="0" tests="27" name="AutomationPractice" time="287.882" errors="0" timestamp="2022-03-26T15:50:14 GMT-04:00">
  <testcase classname="automationpractice.testcases.FirstPageTest" name="logoCheckTest" time="0.651"/>
  <testcase classname="automationpractice.testcases.SignInPageTest" name="signInPageTitleTest" time="1.969"/>
  <testcase classname="automationpractice.testcases.SignInPageTest" name="signInPageHeaderTest" time="1.885"/>
  <testcase classname="automationpractice.testcases.SignInPageTest" name="validloginTest" time="3.824"/>
  <testcase classname="automationpractice.testcases.SignInPageTest" name="emptyUsernameWithValidPasswordloginTest" time="3.23"/>
  <testcase classname="automationpractice.testcases.SignInPageTest" name="emptyUsernameWithInvalidPasswordloginTest" time="5.244"/>
  <testcase classname="automationpractice.testcases.SignInPageTest" name="unregisteredUsernameWithValidPasswordLoginTest" time="3.72"/>
  <testcase classname="automationpractice.testcases.SignInPageTest" name="unregisteredUsernameWithUnregisteredPasswordLoginTest" time="3.768"/>
  <testcase classname="automationpractice.testcases.SignInPageTest" name="invalidPasswordWithValidUsernameloginTest" time="2.799"/>
  <testcase classname="automationpractice.testcases.SignInPageTest" name="invalidCredentialsloginTest" time="5.27"/>
  <testcase classname="automationpractice.testcases.SignInPageTest" name="stringAsUsernameWithValidPasswordTest" time="5.795"/>
  <testcase classname="automationpractice.testcases.SignInPageTest" name="stringAsUsernameWithEmptyPasswordTest" time="3.266"/>
  <testcase classname="automationpractice.testcases.SignInPageTest" name="stringAsUsernameWithInvalidPasswordTest" time="2.625"/>
  <testcase classname="automationpractice.testcases.SignInPageTest" name="numberAsUsernameWithValidPassword" time="3.084"/>
  <testcase classname="automationpractice.testcases.SignInPageTest" name="numberAsUsernameWithEmptyPassword" time="3.311"/>
  <testcase classname="automationpractice.testcases.SignInPageTest" name="numberAsUsernameWithInvalidPassword" time="3.408"/>
  <testcase classname="automationpractice.testcases.SignInPageTest" name="specialCharAsUsernameWithValidPassword" time="3.005"/>
  <testcase classname="automationpractice.testcases.SignInPageTest" name="specialCharAsUsernameWithEmptyPassword" time="2.743"/>
  <testcase classname="automationpractice.testcases.SignInPageTest" name="specialCharAsUsernameWithInvalidPassword" time="2.908"/>
  <testcase classname="automationpractice.testcases.SignInPageTest" name="missingDotAsEmailWithValidPasswordTest" time="3.985"/>
  <testcase classname="automationpractice.testcases.SignInPageTest" name="missingDotAsEmailWithEmptyPasswordTest" time="3.703"/>
  <testcase classname="automationpractice.testcases.SignInPageTest" name="missingDotAsEmailWithInvalidPasswordTest" time="3.266"/>
  <testcase classname="automationpractice.testcases.SignInPageTest" name="twoAtSignInEmailWithValidPasswordTest" time="2.781"/>
  <testcase classname="automationpractice.testcases.SignInPageTest" name="twoAtSignInEmailAddressWithEmptyPassword" time="3.959"/>
  <testcase classname="automationpractice.testcases.SignInPageTest" name="twoAtSignInEmailAddressWithInvalidPassword" time="4.261"/>
  <testcase classname="automationpractice.testcases.SignInPageTest" name="validForgotPasswordLinkFunction" time="6.847"/>
  <testcase classname="automationpractice.testcases.SignInPageTest" name="invalidForgotPasswordLinkFunction" time="3.737"/>
</testsuite> <!-- AutomationPractice -->
