<?xml version="1.0" encoding="UTF-8"?>
<!-- Generated by org.testng.reporters.JUnitXMLReporter -->
<testsuite ignored="0" hostname="DESKTOP-TASGCT9" failures="0" tests="9" name="AutomationPractice" time="128.2" errors="0" timestamp="2022-03-25T14:27:53 GMT-04:00">
  <testcase classname="automationpractice.testcases.FirstPageTest" name="logoCheckTest" time="0.472"/>
  <testcase classname="automationpractice.testcases.SignInPageTest" name="SignInPageTitleTest" time="2.163"/>
  <testcase classname="automationpractice.testcases.SignInPageTest" name="SignInPageHeaderTest" time="3.427"/>
  <testcase classname="automationpractice.testcases.SignInPageTest" name="ValidloginTest" time="5.03"/>
  <testcase classname="automationpractice.testcases.SignInPageTest" name="InvalidUsernameloginTest" time="4.008"/>
  <testcase classname="automationpractice.testcases.SignInPageTest" name="InvalidPasswordloginTest" time="6.422"/>
  <testcase classname="automationpractice.testcases.SignInPageTest" name="InvalidCredentialsloginTest" time="13.669"/>
  <testcase classname="automationpractice.testcases.SignInPageTest" name="validForgotPasswordLinkFunction" time="4.241"/>
  <testcase classname="automationpractice.testcases.SignInPageTest" name="invalidForgotPasswordLinkFunction" time="3.842"/>
</testsuite> <!-- AutomationPractice -->
