<?xml version="1.0" encoding="UTF-8"?>
<testng-results ignored="0" total="1" passed="1" failed="0" skipped="0">
  <reporter-output>
  </reporter-output>
  <suite started-at="2022-03-25T14:51:16 GMT-04:00" name="Default suite" finished-at="2022-03-25T14:51:26 GMT-04:00" duration-ms="9980">
    <groups>
    </groups>
    <test started-at="2022-03-25T14:51:16 GMT-04:00" name="Default test" finished-at="2022-03-25T14:51:26 GMT-04:00" duration-ms="9980">
      <class name="automationpractice.testcases.FirstPageTest">
        <test-method is-config="true" signature="setUp()[pri:0, instance:automationpractice.testcases.FirstPageTest@5f9b2141]" started-at="2022-03-25T14:51:16 GMT-04:00" name="setUp" finished-at="2022-03-25T14:51:25 GMT-04:00" duration-ms="8437" status="PASS">
          <reporter-output>
          </reporter-output>
        </test-method> <!-- setUp -->
        <test-method signature="logoCheckTest()[pri:0, instance:automationpractice.testcases.FirstPageTest@5f9b2141]" started-at="2022-03-25T14:51:25 GMT-04:00" name="logoCheckTest" finished-at="2022-03-25T14:51:25 GMT-04:00" duration-ms="233" status="PASS">
          <reporter-output>
          </reporter-output>
        </test-method> <!-- logoCheckTest -->
        <test-method is-config="true" signature="teardown()[pri:0, instance:automationpractice.testcases.FirstPageTest@5f9b2141]" started-at="2022-03-25T14:51:25 GMT-04:00" name="teardown" finished-at="2022-03-25T14:51:26 GMT-04:00" duration-ms="1258" status="PASS">
          <reporter-output>
          </reporter-output>
        </test-method> <!-- teardown -->
      </class> <!-- automationpractice.testcases.FirstPageTest -->
    </test> <!-- Default test -->
  </suite> <!-- Default suite -->
</testng-results>
